# JRE version: OpenJDK Runtime Environment (11.0.13) (build 11.0.13+0-b1751.21-8125866)
# Java VM: OpenJDK 64-Bit Server VM (11.0.13+0-b1751.21-8125866, mixed mode, tiered, compressed oops, g1 gc, windows-amd64)
Heap:
 garbage-first heap   total 262144K, used 191488K [0x0000000080000000, 0x0000000100000000)
  region size 1024K, 11 young (11264K), 7 survivors (7168K)
 Metaspace       used 119251K, capacity 122801K, committed 122868K, reserved 1157120K
  class space    used 14750K, capacity 15960K, committed 16000K, reserved 1048576K
GC Heap History (20 events):
Event: 3316.238 GC heap before
{Heap before GC invocations=32 (full 0):
 garbage-first heap   total 262144K, used 216982K [0x0000000080000000, 0x0000000100000000)
  region size 1024K, 64 young (65536K), 2 survivors (2048K)
 Metaspace       used 110606K, capacity 113489K, committed 113652K, reserved 1148928K
  class space    used 13844K, capacity 14865K, committed 14976K, reserved 1048576K
}
Event: 3316.260 GC heap after
{Heap after GC invocations=33 (full 0):
 garbage-first heap   total 262144K, used 158930K [0x0000000080000000, 0x0000000100000000)
  region size 1024K, 7 young (7168K), 7 survivors (7168K)
 Metaspace       used 110606K, capacity 113489K, committed 113652K, reserved 1148928K
  class space    used 13844K, capacity 14865K, committed 14976K, reserved 1048576K
}
Event: 3471.303 GC heap before
{Heap before GC invocations=34 (full 0):
 garbage-first heap   total 262144K, used 218322K [0x0000000080000000, 0x0000000100000000)
  region size 1024K, 65 young (66560K), 7 survivors (7168K)
 Metaspace       used 110770K, capacity 113702K, committed 113908K, reserved 1148928K
  class space    used 13844K, capacity 14865K, committed 14976K, reserved 1048576K
}
Event: 3471.307 GC heap after
{Heap after GC invocations=35 (full 0):
 garbage-first heap   total 262144K, used 156306K [0x0000000080000000, 0x0000000100000000)
  region size 1024K, 1 young (1024K), 1 survivors (1024K)
 Metaspace       used 110770K, capacity 113702K, committed 113908K, reserved 1148928K
  class space    used 13844K, capacity 14865K, committed 14976K, reserved 1048576K
}
Event: 3551.213 GC heap before
{Heap before GC invocations=35 (full 0):
 garbage-first heap   total 262144K, used 166546K [0x0000000080000000, 0x0000000100000000)
  region size 1024K, 12 young (12288K), 1 survivors (1024K)
 Metaspace       used 110841K, capacity 113756K, committed 113908K, reserved 1148928K
  class space    used 13853K, capacity 14878K, committed 14976K, reserved 1048576K
}
Event: 3551.219 GC heap after
{Heap after GC invocations=36 (full 0):
 garbage-first heap   total 262144K, used 156166K [0x0000000080000000, 0x0000000100000000)
  region size 1024K, 2 young (2048K), 2 survivors (2048K)
 Metaspace       used 110841K, capacity 113756K, committed 113908K, reserved 1148928K
  class space    used 13853K, capacity 14878K, committed 14976K, reserved 1048576K
}
Event: 3596.868 GC heap before
{Heap before GC invocations=36 (full 0):
 garbage-first heap   total 262144K, used 218630K [0x0000000080000000, 0x0000000100000000)
  region size 1024K, 64 young (65536K), 2 survivors (2048K)
 Metaspace       used 111660K, capacity 115023K, committed 115188K, reserved 1148928K
  class space    used 13968K, capacity 15133K, committed 15232K, reserved 1048576K
}
Event: 3596.888 GC heap after
{Heap after GC invocations=37 (full 0):
 garbage-first heap   total 262144K, used 161857K [0x0000000080000000, 0x0000000100000000)
  region size 1024K, 8 young (8192K), 8 survivors (8192K)
 Metaspace       used 111660K, capacity 115023K, committed 115188K, reserved 1148928K
  class space    used 13968K, capacity 15133K, committed 15232K, reserved 1048576K
}
Event: 3597.541 GC heap before
{Heap before GC invocations=38 (full 0):
 garbage-first heap   total 262144K, used 220225K [0x0000000080000000, 0x0000000100000000)
  region size 1024K, 65 young (66560K), 8 survivors (8192K)
 Metaspace       used 112017K, capacity 115391K, committed 115700K, reserved 1150976K
  class space    used 14002K, capacity 15172K, committed 15232K, reserved 1048576K
}
Event: 3597.555 GC heap after
{Heap after GC invocations=39 (full 0):
 garbage-first heap   total 262144K, used 166944K [0x0000000080000000, 0x0000000100000000)
  region size 1024K, 6 young (6144K), 6 survivors (6144K)
 Metaspace       used 112017K, capacity 115391K, committed 115700K, reserved 1150976K
  class space    used 14002K, capacity 15172K, committed 15232K, reserved 1048576K
}
Event: 3597.583 GC heap before
{Heap before GC invocations=39 (full 0):
 garbage-first heap   total 262144K, used 173088K [0x0000000080000000, 0x0000000100000000)
  region size 1024K, 12 young (12288K), 6 survivors (6144K)
 Metaspace       used 112029K, capacity 115456K, committed 115700K, reserved 1150976K
  class space    used 14002K, capacity 15172K, committed 15232K, reserved 1048576K
}
Event: 3597.597 GC heap after
{Heap after GC invocations=40 (full 0):
 garbage-first heap   total 262144K, used 160139K [0x0000000080000000, 0x0000000100000000)
  region size 1024K, 2 young (2048K), 2 survivors (2048K)
 Metaspace       used 112029K, capacity 115456K, committed 115700K, reserved 1150976K
  class space    used 14002K, capacity 15172K, committed 15232K, reserved 1048576K
}
Event: 3957.331 GC heap before
{Heap before GC invocations=40 (full 0):
 garbage-first heap   total 262144K, used 218507K [0x0000000080000000, 0x0000000100000000)
  region size 1024K, 60 young (61440K), 2 survivors (2048K)
 Metaspace       used 113702K, capacity 117327K, committed 117492K, reserved 1150976K
  class space    used 14215K, capacity 15458K, committed 15488K, reserved 1048576K
}
Event: 3957.351 GC heap after
{Heap after GC invocations=41 (full 0):
 garbage-first heap   total 262144K, used 165238K [0x0000000080000000, 0x0000000100000000)
  region size 1024K, 7 young (7168K), 7 survivors (7168K)
 Metaspace       used 113702K, capacity 117327K, committed 117492K, reserved 1150976K
  class space    used 14215K, capacity 15458K, committed 15488K, reserved 1048576K
}
Event: 3959.306 GC heap before
{Heap before GC invocations=42 (full 0):
 garbage-first heap   total 262144K, used 218486K [0x0000000080000000, 0x0000000100000000)
  region size 1024K, 60 young (61440K), 7 survivors (7168K)
 Metaspace       used 117487K, capacity 120972K, committed 121204K, reserved 1155072K
  class space    used 14606K, capacity 15820K, committed 15872K, reserved 1048576K
}
Event: 3959.316 GC heap after
{Heap after GC invocations=43 (full 0):
 garbage-first heap   total 262144K, used 168816K [0x0000000080000000, 0x0000000100000000)
  region size 1024K, 4 young (4096K), 4 survivors (4096K)
 Metaspace       used 117487K, capacity 120972K, committed 121204K, reserved 1155072K
  class space    used 14606K, capacity 15820K, committed 15872K, reserved 1048576K
}
Event: 3959.834 GC heap before
{Heap before GC invocations=43 (full 0):
 garbage-first heap   total 262144K, used 175984K [0x0000000080000000, 0x0000000100000000)
  region size 1024K, 12 young (12288K), 4 survivors (4096K)
 Metaspace       used 117583K, capacity 121100K, committed 121204K, reserved 1155072K
  class space    used 14606K, capacity 15820K, committed 15872K, reserved 1048576K
}
Event: 3959.845 GC heap after
{Heap after GC invocations=44 (full 0):
 garbage-first heap   total 262144K, used 165978K [0x0000000080000000, 0x0000000100000000)
  region size 1024K, 2 young (2048K), 2 survivors (2048K)
 Metaspace       used 117583K, capacity 121100K, committed 121204K, reserved 1155072K
  class space    used 14606K, capacity 15820K, committed 15872K, reserved 1048576K
}
Event: 3961.823 GC heap before
{Heap before GC invocations=44 (full 0):
 garbage-first heap   total 262144K, used 187482K [0x0000000080000000, 0x0000000100000000)
  region size 1024K, 24 young (24576K), 2 survivors (2048K)
 Metaspace       used 117696K, capacity 121164K, committed 121460K, reserved 1155072K
  class space    used 14606K, capacity 15820K, committed 15872K, reserved 1048576K
}
Event: 3961.831 GC heap after
{Heap after GC invocations=45 (full 0):
 garbage-first heap   total 262144K, used 173056K [0x0000000080000000, 0x0000000100000000)
  region size 1024K, 7 young (7168K), 7 survivors (7168K)
 Metaspace       used 117696K, capacity 121164K, committed 121460K, reserved 1155072K
  class space    used 14606K, capacity 15820K, committed 15872K, reserved 1048576K
}

